Started GET "/" for 127.0.0.1 at 2017-08-13 22:11:47 -0500
Processing by Rails::WelcomeController#index as HTML
  Rendering /home/zack/.rbenv/versions/2.3.3/lib/ruby/gems/2.3.0/gems/railties-5.1.3/lib/rails/templates/rails/welcome/index.html.erb
  Rendered /home/zack/.rbenv/versions/2.3.3/lib/ruby/gems/2.3.0/gems/railties-5.1.3/lib/rails/templates/rails/welcome/index.html.erb (2.5ms)
Completed 200 OK in 93ms (Views: 5.0ms)


Started GET "/" for 127.0.0.1 at 2017-08-13 22:16:58 -0500
  
ActiveRecord::NoDatabaseError (FATAL:  database "todos-api_development" does not exist
):
  
activerecord (5.1.3) lib/active_record/connection_adapters/postgresql_adapter.rb:699:in `rescue in connect'
activerecord (5.1.3) lib/active_record/connection_adapters/postgresql_adapter.rb:695:in `connect'
activerecord (5.1.3) lib/active_record/connection_adapters/postgresql_adapter.rb:220:in `initialize'
activerecord (5.1.3) lib/active_record/connection_adapters/postgresql_adapter.rb:38:in `new'
activerecord (5.1.3) lib/active_record/connection_adapters/postgresql_adapter.rb:38:in `postgresql_connection'
activerecord (5.1.3) lib/active_record/connection_adapters/abstract/connection_pool.rb:759:in `new_connection'
activerecord (5.1.3) lib/active_record/connection_adapters/abstract/connection_pool.rb:803:in `checkout_new_connection'
activerecord (5.1.3) lib/active_record/connection_adapters/abstract/connection_pool.rb:782:in `try_to_checkout_new_connection'
activerecord (5.1.3) lib/active_record/connection_adapters/abstract/connection_pool.rb:743:in `acquire_connection'
activerecord (5.1.3) lib/active_record/connection_adapters/abstract/connection_pool.rb:500:in `checkout'
activerecord (5.1.3) lib/active_record/connection_adapters/abstract/connection_pool.rb:374:in `connection'
activerecord (5.1.3) lib/active_record/connection_adapters/abstract/connection_pool.rb:931:in `retrieve_connection'
activerecord (5.1.3) lib/active_record/connection_handling.rb:116:in `retrieve_connection'
activerecord (5.1.3) lib/active_record/connection_handling.rb:88:in `connection'
activerecord (5.1.3) lib/active_record/migration.rb:562:in `connection'
activerecord (5.1.3) lib/active_record/migration.rb:553:in `call'
actionpack (5.1.3) lib/action_dispatch/middleware/callbacks.rb:26:in `block in call'
activesupport (5.1.3) lib/active_support/callbacks.rb:97:in `run_callbacks'
actionpack (5.1.3) lib/action_dispatch/middleware/callbacks.rb:24:in `call'
actionpack (5.1.3) lib/action_dispatch/middleware/executor.rb:12:in `call'
actionpack (5.1.3) lib/action_dispatch/middleware/debug_exceptions.rb:59:in `call'
actionpack (5.1.3) lib/action_dispatch/middleware/show_exceptions.rb:31:in `call'
railties (5.1.3) lib/rails/rack/logger.rb:36:in `call_app'
railties (5.1.3) lib/rails/rack/logger.rb:24:in `block in call'
activesupport (5.1.3) lib/active_support/tagged_logging.rb:69:in `block in tagged'
activesupport (5.1.3) lib/active_support/tagged_logging.rb:26:in `tagged'
activesupport (5.1.3) lib/active_support/tagged_logging.rb:69:in `tagged'
railties (5.1.3) lib/rails/rack/logger.rb:24:in `call'
actionpack (5.1.3) lib/action_dispatch/middleware/remote_ip.rb:79:in `call'
actionpack (5.1.3) lib/action_dispatch/middleware/request_id.rb:25:in `call'
rack (2.0.3) lib/rack/runtime.rb:22:in `call'
activesupport (5.1.3) lib/active_support/cache/strategy/local_cache_middleware.rb:27:in `call'
actionpack (5.1.3) lib/action_dispatch/middleware/executor.rb:12:in `call'
actionpack (5.1.3) lib/action_dispatch/middleware/static.rb:125:in `call'
rack (2.0.3) lib/rack/sendfile.rb:111:in `call'
railties (5.1.3) lib/rails/engine.rb:522:in `call'
puma (3.9.1) lib/puma/configuration.rb:224:in `call'
puma (3.9.1) lib/puma/server.rb:602:in `handle_request'
puma (3.9.1) lib/puma/server.rb:435:in `process_client'
puma (3.9.1) lib/puma/server.rb:299:in `block in run'
puma (3.9.1) lib/puma/thread_pool.rb:120:in `block in spawn_thread'
Started GET "/favicon.ico" for 127.0.0.1 at 2017-08-13 22:16:58 -0500
  
ActiveRecord::NoDatabaseError (FATAL:  database "todos-api_development" does not exist
):
  
activerecord (5.1.3) lib/active_record/connection_adapters/postgresql_adapter.rb:699:in `rescue in connect'
activerecord (5.1.3) lib/active_record/connection_adapters/postgresql_adapter.rb:695:in `connect'
activerecord (5.1.3) lib/active_record/connection_adapters/postgresql_adapter.rb:220:in `initialize'
activerecord (5.1.3) lib/active_record/connection_adapters/postgresql_adapter.rb:38:in `new'
activerecord (5.1.3) lib/active_record/connection_adapters/postgresql_adapter.rb:38:in `postgresql_connection'
activerecord (5.1.3) lib/active_record/connection_adapters/abstract/connection_pool.rb:759:in `new_connection'
activerecord (5.1.3) lib/active_record/connection_adapters/abstract/connection_pool.rb:803:in `checkout_new_connection'
activerecord (5.1.3) lib/active_record/connection_adapters/abstract/connection_pool.rb:782:in `try_to_checkout_new_connection'
activerecord (5.1.3) lib/active_record/connection_adapters/abstract/connection_pool.rb:743:in `acquire_connection'
activerecord (5.1.3) lib/active_record/connection_adapters/abstract/connection_pool.rb:500:in `checkout'
activerecord (5.1.3) lib/active_record/connection_adapters/abstract/connection_pool.rb:374:in `connection'
activerecord (5.1.3) lib/active_record/connection_adapters/abstract/connection_pool.rb:931:in `retrieve_connection'
activerecord (5.1.3) lib/active_record/connection_handling.rb:116:in `retrieve_connection'
activerecord (5.1.3) lib/active_record/connection_handling.rb:88:in `connection'
activerecord (5.1.3) lib/active_record/migration.rb:562:in `connection'
activerecord (5.1.3) lib/active_record/migration.rb:553:in `call'
actionpack (5.1.3) lib/action_dispatch/middleware/callbacks.rb:26:in `block in call'
activesupport (5.1.3) lib/active_support/callbacks.rb:97:in `run_callbacks'
actionpack (5.1.3) lib/action_dispatch/middleware/callbacks.rb:24:in `call'
actionpack (5.1.3) lib/action_dispatch/middleware/executor.rb:12:in `call'
actionpack (5.1.3) lib/action_dispatch/middleware/debug_exceptions.rb:59:in `call'
actionpack (5.1.3) lib/action_dispatch/middleware/show_exceptions.rb:31:in `call'
railties (5.1.3) lib/rails/rack/logger.rb:36:in `call_app'
railties (5.1.3) lib/rails/rack/logger.rb:24:in `block in call'
activesupport (5.1.3) lib/active_support/tagged_logging.rb:69:in `block in tagged'
activesupport (5.1.3) lib/active_support/tagged_logging.rb:26:in `tagged'
activesupport (5.1.3) lib/active_support/tagged_logging.rb:69:in `tagged'
railties (5.1.3) lib/rails/rack/logger.rb:24:in `call'
actionpack (5.1.3) lib/action_dispatch/middleware/remote_ip.rb:79:in `call'
actionpack (5.1.3) lib/action_dispatch/middleware/request_id.rb:25:in `call'
rack (2.0.3) lib/rack/runtime.rb:22:in `call'
activesupport (5.1.3) lib/active_support/cache/strategy/local_cache_middleware.rb:27:in `call'
actionpack (5.1.3) lib/action_dispatch/middleware/executor.rb:12:in `call'
actionpack (5.1.3) lib/action_dispatch/middleware/static.rb:125:in `call'
rack (2.0.3) lib/rack/sendfile.rb:111:in `call'
railties (5.1.3) lib/rails/engine.rb:522:in `call'
puma (3.9.1) lib/puma/configuration.rb:224:in `call'
puma (3.9.1) lib/puma/server.rb:602:in `handle_request'
puma (3.9.1) lib/puma/server.rb:435:in `process_client'
puma (3.9.1) lib/puma/server.rb:299:in `block in run'
puma (3.9.1) lib/puma/thread_pool.rb:120:in `block in spawn_thread'
  [1m[35m (15.1ms)[0m  [1m[35mCREATE TABLE "schema_migrations" ("version" character varying NOT NULL PRIMARY KEY)[0m
  [1m[35m (14.0ms)[0m  [1m[35mCREATE TABLE "ar_internal_metadata" ("key" character varying NOT NULL PRIMARY KEY, "value" character varying, "created_at" timestamp NOT NULL, "updated_at" timestamp NOT NULL)[0m
  [1m[35m (0.2ms)[0m  [1m[34mSELECT pg_try_advisory_lock(8262246470326142595)[0m
  [1m[35m (0.5ms)[0m  [1m[34mSELECT "schema_migrations"."version" FROM "schema_migrations" ORDER BY "schema_migrations"."version" ASC[0m
Migrating to CreateTodos (20170814031555)
  [1m[35m (0.2ms)[0m  [1m[35mBEGIN[0m
  [1m[35m (12.8ms)[0m  [1m[35mCREATE TABLE "todos" ("id" bigserial primary key, "title" character varying, "created_by" character varying, "created_at" timestamp NOT NULL, "updated_at" timestamp NOT NULL)[0m
  [1m[35mSQL (0.5ms)[0m  [1m[32mINSERT INTO "schema_migrations" ("version") VALUES ($1) RETURNING "version"[0m  [["version", "20170814031555"]]
  [1m[35m (2.8ms)[0m  [1m[35mCOMMIT[0m
Migrating to CreateItems (20170814031930)
  [1m[35m (0.3ms)[0m  [1m[35mBEGIN[0m
  [1m[35m (14.0ms)[0m  [1m[35mCREATE TABLE "items" ("id" bigserial primary key, "name" character varying, "done" boolean, "todo_id" bigint, "created_at" timestamp NOT NULL, "updated_at" timestamp NOT NULL, CONSTRAINT "fk_rails_c01e6b449d"
FOREIGN KEY ("todo_id")
  REFERENCES "todos" ("id")
)[0m
  [1m[35m (6.4ms)[0m  [1m[35mCREATE  INDEX  "index_items_on_todo_id" ON "items"  ("todo_id")[0m
  [1m[35mSQL (0.4ms)[0m  [1m[32mINSERT INTO "schema_migrations" ("version") VALUES ($1) RETURNING "version"[0m  [["version", "20170814031930"]]
  [1m[35m (3.0ms)[0m  [1m[35mCOMMIT[0m
  [1m[36mActiveRecord::InternalMetadata Load (0.5ms)[0m  [1m[34mSELECT  "ar_internal_metadata".* FROM "ar_internal_metadata" WHERE "ar_internal_metadata"."key" = $1 LIMIT $2[0m  [["key", "environment"], ["LIMIT", 1]]
  [1m[35m (0.3ms)[0m  [1m[35mBEGIN[0m
  [1m[35mSQL (0.5ms)[0m  [1m[32mINSERT INTO "ar_internal_metadata" ("key", "value", "created_at", "updated_at") VALUES ($1, $2, $3, $4) RETURNING "key"[0m  [["key", "environment"], ["value", "development"], ["created_at", "2017-08-14 03:20:22.543949"], ["updated_at", "2017-08-14 03:20:22.543949"]]
  [1m[35m (2.9ms)[0m  [1m[35mCOMMIT[0m
  [1m[35m (0.4ms)[0m  [1m[34mSELECT pg_advisory_unlock(8262246470326142595)[0m
  [1m[35m (0.4ms)[0m  [1m[34mSELECT "schema_migrations"."version" FROM "schema_migrations" ORDER BY "schema_migrations"."version" ASC[0m
